<?xml version="1.0" encoding="UTF-8"?>
<testng-results ignored="0" total="2" passed="2" failed="0" skipped="0">
  <reporter-output>
  </reporter-output>
  <suite started-at="2023-09-13T15:39:02 IST" name="Suite" finished-at="2023-09-13T15:39:15 IST" duration-ms="13177">
    <groups>
    </groups>
    <test started-at="2023-09-13T15:39:02 IST" name="Test" finished-at="2023-09-13T15:39:15 IST" duration-ms="13177">
      <class name="com.SwagLab.TestCases.OverViewPageTestCase">
        <test-method is-config="true" signature="SetUp()[pri:0, instance:com.SwagLab.TestCases.OverViewPageTestCase@d9345cd]" started-at="2023-09-13T15:39:02 IST" name="SetUp" finished-at="2023-09-13T15:39:04 IST" duration-ms="2779" status="PASS">
          <reporter-output>
          </reporter-output>
        </test-method> <!-- SetUp -->
        <test-method is-config="true" signature="PageSetUp()[pri:0, instance:com.SwagLab.TestCases.OverViewPageTestCase@d9345cd]" started-at="2023-09-13T15:39:04 IST" name="PageSetUp" finished-at="2023-09-13T15:39:15 IST" duration-ms="10253" status="PASS">
          <reporter-output>
          </reporter-output>
        </test-method> <!-- PageSetUp -->
        <test-method signature="verifydetails()[pri:1, instance:com.SwagLab.TestCases.OverViewPageTestCase@d9345cd]" started-at="2023-09-13T15:39:15 IST" name="verifydetails" finished-at="2023-09-13T15:39:15 IST" duration-ms="30" status="PASS">
          <reporter-output>
          </reporter-output>
        </test-method> <!-- verifydetails -->
        <test-method signature="verifyfinish()[pri:2, instance:com.SwagLab.TestCases.OverViewPageTestCase@d9345cd]" started-at="2023-09-13T15:39:15 IST" name="verifyfinish" finished-at="2023-09-13T15:39:15 IST" duration-ms="72" status="PASS">
          <reporter-output>
          </reporter-output>
        </test-method> <!-- verifyfinish -->
      </class> <!-- com.SwagLab.TestCases.OverViewPageTestCase -->
    </test> <!-- Test -->
  </suite> <!-- Suite -->
</testng-results>
